<?xml version="1.0" encoding="UTF-8"?>
<!-- Generated by org.testng.reporters.JUnitXMLReporter -->
<testsuite ignored="0" hostname="MOR-ROMANO" failures="0" tests="4" name="REST API Tests" time="16.841" errors="0" timestamp="26 Jul 2022 20:43:49 GMT">
  <testcase classname="sanity.GrafanaAPI" name="test01_verify_team" time="3.154"/>
  <testcase classname="sanity.GrafanaAPI" name="test02_create_team_and_verify" time="0.243"/>
  <testcase classname="sanity.GrafanaAPI" name="test03_update_team" time="0.2"/>
  <testcase classname="sanity.GrafanaAPI" name="test04_delete_team" time="0.174"/>
</testsuite> <!-- REST API Tests -->
