<?xml version="1.0" encoding="UTF-8"?>
<!-- Generated by org.testng.reporters.JUnitXMLReporter -->
<testsuite ignored="0" hostname="MOR-ROMANO" failures="0" tests="3" name="Electron UI Tests" time="28.695" errors="0" timestamp="26 Jul 2022 20:34:38 GMT">
  <testcase classname="sanity.todoElectron" name="test01_add_new_task_and_verify" time="3.027"/>
  <testcase classname="sanity.todoElectron" name="test02" time="2.339"/>
  <testcase classname="sanity.todoElectron" name="test03_add_task_and_color" time="3.557"/>
</testsuite> <!-- Electron UI Tests -->
